<?xml version="1.0" encoding="UTF-8"?>
<testng-results ignored="0" total="1" passed="1" failed="0" skipped="0">
  <reporter-output>
  </reporter-output>
  <suite started-at="2022-03-07T16:38:16 CET" name="Surefire suite" finished-at="2022-03-07T16:38:16 CET" duration-ms="36">
    <groups>
    </groups>
    <test started-at="2022-03-07T16:38:16 CET" name="Surefire test" finished-at="2022-03-07T16:38:16 CET" duration-ms="36">
      <class name="UITest.GUT.AppTest">
        <test-method signature="shouldAnswerWithTrue()" started-at="2022-03-07T16:38:16 CET" name="shouldAnswerWithTrue" finished-at="2022-03-07T16:38:16 CET" duration-ms="3" status="PASS">
          <reporter-output>
          </reporter-output>
        </test-method> <!-- shouldAnswerWithTrue -->
      </class> <!-- UITest.GUT.AppTest -->
    </test> <!-- Surefire test -->
  </suite> <!-- Surefire suite -->
</testng-results>
