<?xml version="1.0" encoding="UTF-8"?>
<testng-results ignored="0" total="2" passed="2" failed="0" skipped="0">
  <reporter-output>
  </reporter-output>
  <suite started-at="2022-03-07T16:38:03 CET" name="Surefire suite" finished-at="2022-03-07T16:38:16 CET" duration-ms="13070">
    <groups>
    </groups>
    <test started-at="2022-03-07T16:38:03 CET" name="Surefire test" finished-at="2022-03-07T16:38:16 CET" duration-ms="13070">
      <class name="UITest.GUT.HubDockerTitleUITest">
        <test-method signature="HubDockerTitle()[pri:0, instance:UITest.GUT.HubDockerTitleUITest@75f9eccc]" started-at="2022-03-07T16:38:03 CET" name="HubDockerTitle" finished-at="2022-03-07T16:38:09 CET" duration-ms="6496" status="PASS">
          <reporter-output>
          </reporter-output>
        </test-method> <!-- HubDockerTitle -->
      </class> <!-- UITest.GUT.HubDockerTitleUITest -->
      <class name="UITest.GUT.SearchWithPictureGoogleUITest">
        <test-method signature="SearchPicture()[pri:0, instance:UITest.GUT.SearchWithPictureGoogleUITest@589b3632]" started-at="2022-03-07T16:38:09 CET" name="SearchPicture" finished-at="2022-03-07T16:38:16 CET" duration-ms="6544" status="PASS">
          <reporter-output>
          </reporter-output>
        </test-method> <!-- SearchPicture -->
      </class> <!-- UITest.GUT.SearchWithPictureGoogleUITest -->
    </test> <!-- Surefire test -->
  </suite> <!-- Surefire suite -->
</testng-results>
