<?xml version="1.0" encoding="UTF-8"?>
<testng-results ignored="0" total="5" passed="5" failed="0" skipped="0">
  <reporter-output>
  </reporter-output>
  <suite started-at="2022-03-09T15:30:45 CET" name="Suite" finished-at="2022-03-09T15:31:28 CET" duration-ms="43549">
    <groups>
    </groups>
    <test started-at="2022-03-09T15:30:45 CET" name="GoogleLoginCheck" finished-at="2022-03-09T15:30:55 CET" duration-ms="10379">
      <class name="UITest.GUT.GoogleLoginCheckUI">
        <test-method signature="GoogleLoginCheck()[pri:0, instance:UITest.GUT.GoogleLoginCheckUI@ea6147e]" started-at="2022-03-09T15:30:45 CET" name="GoogleLoginCheck" finished-at="2022-03-09T15:30:55 CET" duration-ms="10338" status="PASS">
          <reporter-output>
          </reporter-output>
        </test-method> <!-- GoogleLoginCheck -->
      </class> <!-- UITest.GUT.GoogleLoginCheckUI -->
    </test> <!-- GoogleLoginCheck -->
    <test started-at="2022-03-09T15:30:55 CET" name="GoogleUrlCheck" finished-at="2022-03-09T15:30:58 CET" duration-ms="3004">
      <class name="UITest.GUT.GoogleUrlCheck">
        <test-method signature="GoogleUrl()[pri:0, instance:UITest.GUT.GoogleUrlCheck@3ee37e5a]" started-at="2022-03-09T15:30:55 CET" name="GoogleUrl" finished-at="2022-03-09T15:30:58 CET" duration-ms="3001" status="PASS">
          <reporter-output>
          </reporter-output>
        </test-method> <!-- GoogleUrl -->
      </class> <!-- UITest.GUT.GoogleUrlCheck -->
    </test> <!-- GoogleUrlCheck -->
    <test started-at="2022-03-09T15:30:58 CET" name="SearchPicture" finished-at="2022-03-09T15:31:06 CET" duration-ms="7266">
      <class name="UITest.GUT.SearchWithPictureGoogleUITest">
        <test-method signature="SearchPicture()[pri:0, instance:UITest.GUT.SearchWithPictureGoogleUITest@4803b726]" started-at="2022-03-09T15:30:58 CET" name="SearchPicture" finished-at="2022-03-09T15:31:06 CET" duration-ms="7263" status="PASS">
          <reporter-output>
          </reporter-output>
        </test-method> <!-- SearchPicture -->
      </class> <!-- UITest.GUT.SearchWithPictureGoogleUITest -->
    </test> <!-- SearchPicture -->
    <test started-at="2022-03-09T15:31:06 CET" name="VerifyGmail" finished-at="2022-03-09T15:31:21 CET" duration-ms="15543">
      <class name="UITest.GUT.VerifyingGmailLoginFunctionUI">
        <test-method signature="VerifyGmail()[pri:0, instance:UITest.GUT.VerifyingGmailLoginFunctionUI@729d991e]" started-at="2022-03-09T15:31:06 CET" name="VerifyGmail" finished-at="2022-03-09T15:31:21 CET" duration-ms="15539" status="PASS">
          <reporter-output>
          </reporter-output>
        </test-method> <!-- VerifyGmail -->
      </class> <!-- UITest.GUT.VerifyingGmailLoginFunctionUI -->
    </test> <!-- VerifyGmail -->
    <test started-at="2022-03-09T15:31:21 CET" name="DockerTitle" finished-at="2022-03-09T15:31:28 CET" duration-ms="7287">
      <class name="UITest.GUT.HubDockerTitleUITest">
        <test-method signature="HubDockerTitle()[pri:0, instance:UITest.GUT.HubDockerTitleUITest@21282ed8]" started-at="2022-03-09T15:31:21 CET" name="HubDockerTitle" finished-at="2022-03-09T15:31:28 CET" duration-ms="7285" status="PASS">
          <reporter-output>
          </reporter-output>
        </test-method> <!-- HubDockerTitle -->
      </class> <!-- UITest.GUT.HubDockerTitleUITest -->
    </test> <!-- DockerTitle -->
  </suite> <!-- Suite -->
</testng-results>
